<?xml version="1.0" encoding="UTF-8"?>
<!-- Generated by org.testng.reporters.JUnitReportReporter -->
<testsuite skipped="0" hostname="WKMGB6532979" name="runners.testRunner1" tests="1" failures="0" timestamp="11 May 2020 13:43:19 GMT" time="18.617" errors="0">
  <testcase name="feature" time="18.617" classname="runners.testRunner1"/>
</testsuite> <!-- runners.testRunner1 -->
